<?xml version="1.0" encoding="UTF-8"?>
<!-- Generated by org.testng.reporters.JUnitReportReporter -->
<testsuite hostname="Tech-Nayan" failures="0" tests="3" name="growpitalTestClass.ValidatingUploadFiles" time="129.563" errors="0" timestamp="20 Apr 2023 10:11:39 GMT" skipped="0">
  <testcase classname="growpitalTestClass.ValidatingUploadFiles" name="ValidationOfUploadingPancard" time="43.112"/>
  <testcase classname="growpitalTestClass.ValidatingUploadFiles" name="ValidationOfUploadingAadhaarcard" time="43.127"/>
  <testcase classname="growpitalTestClass.ValidatingUploadFiles" name="ValidationOfUploadingCancelledCheque" time="43.324"/>
</testsuite> <!-- growpitalTestClass.ValidatingUploadFiles -->
